<?xml version="1.0" encoding="UTF-8" ?>
<testsuite failures="1" time="0.19" errors="5" skipped="0" tests="7" name="org.microemu.cldc.datagram.ConnectionTest">
  <properties>
    <property name="java.runtime.name" value="Java(TM) SE Runtime Environment"/>
    <property name="sun.boot.library.path" value="C:\Program Files\Java\jdk1.6.0_45\jre\bin"/>
    <property name="java.vm.version" value="20.45-b01"/>
    <property name="java.vm.vendor" value="Sun Microsystems Inc."/>
    <property name="java.vendor.url" value="http://java.sun.com/"/>
    <property name="path.separator" value=";"/>
    <property name="java.vm.name" value="Java HotSpot(TM) 64-Bit Server VM"/>
    <property name="file.encoding.pkg" value="sun.io"/>
    <property name="user.country" value="CN"/>
    <property name="sun.java.launcher" value="SUN_STANDARD"/>
    <property name="sun.os.patch.level" value="Service Pack 1"/>
    <property name="java.vm.specification.name" value="Java Virtual Machine Specification"/>
    <property name="user.dir" value="D:\java_bulid\FINAL\svn2546\microemu-read-only\microemulator\microemu-javase"/>
    <property name="java.runtime.version" value="1.6.0_45-b06"/>
    <property name="java.awt.graphicsenv" value="sun.awt.Win32GraphicsEnvironment"/>
    <property name="basedir" value="D:\java_bulid\FINAL\svn2546\microemu-read-only\microemulator\microemu-javase"/>
    <property name="java.endorsed.dirs" value="C:\Program Files\Java\jdk1.6.0_45\jre\lib\endorsed"/>
    <property name="os.arch" value="amd64"/>
    <property name="java.io.tmpdir" value="C:\Users\ADMINI~1\AppData\Local\Temp\"/>
    <property name="line.separator" value="
"/>
    <property name="java.vm.specification.vendor" value="Sun Microsystems Inc."/>
    <property name="user.variant" value=""/>
    <property name="os.name" value="Windows 7"/>
    <property name="sun.jnu.encoding" value="GBK"/>
    <property name="java.library.path" value="C:\Program Files\Java\jdk1.6.0_45\jre\bin;C:\Windows\Sun\Java\bin;C:\Windows\system32;C:\Windows;C:\Program Files\Common Files\Microsoft Shared\Windows Live;C:\Program Files (x86)\NVIDIA Corporation\PhysX\Common;C:\Windows\system32;C:\Windows;C:\Windows\System32\Wbem;C:\Windows\System32\WindowsPowerShell\v1.0\;E:\dev-installer\svn_gui\bin;C:\Program Files\Java\jdk1.6.0_45\bin;C:\Program Files\Java\jdk1.6.0_45\jre\bin;E:\dev-installer\apache-maven-2.2.1\bin;C:\Program Files\Common Files\Microsoft Shared\Windows Live;."/>
    <property name="java.specification.name" value="Java Platform API Specification"/>
    <property name="java.class.version" value="50.0"/>
    <property name="sun.management.compiler" value="HotSpot 64-Bit Tiered Compilers"/>
    <property name="os.version" value="6.1"/>
    <property name="user.home" value="C:\Users\Administrator"/>
    <property name="user.timezone" value=""/>
    <property name="java.awt.printerjob" value="sun.awt.windows.WPrinterJob"/>
    <property name="file.encoding" value="GBK"/>
    <property name="java.specification.version" value="1.6"/>
    <property name="user.name" value="Administrator"/>
    <property name="java.class.path" value="C:\Users\ADMINI~1\AppData\Local\Temp\surefirebooter5312643262895149433.jar"/>
    <property name="java.vm.specification.version" value="1.0"/>
    <property name="sun.arch.data.model" value="64"/>
    <property name="java.home" value="C:\Program Files\Java\jdk1.6.0_45\jre"/>
    <property name="sun.java.command" value="C:\Users\ADMINI~1\AppData\Local\Temp\surefirebooter5312643262895149433.jar C:\Users\ADMINI~1\AppData\Local\Temp\surefire4428258728914073944tmp C:\Users\ADMINI~1\AppData\Local\Temp\surefire247370400666309022tmp"/>
    <property name="java.specification.vendor" value="Sun Microsystems Inc."/>
    <property name="user.language" value="zh"/>
    <property name="awt.toolkit" value="sun.awt.windows.WToolkit"/>
    <property name="java.vm.info" value="mixed mode"/>
    <property name="java.version" value="1.6.0_45"/>
    <property name="java.ext.dirs" value="C:\Program Files\Java\jdk1.6.0_45\jre\lib\ext;C:\Windows\Sun\Java\lib\ext"/>
    <property name="sun.boot.class.path" value="C:\Program Files\Java\jdk1.6.0_45\jre\lib\resources.jar;C:\Program Files\Java\jdk1.6.0_45\jre\lib\rt.jar;C:\Program Files\Java\jdk1.6.0_45\jre\lib\sunrsasign.jar;C:\Program Files\Java\jdk1.6.0_45\jre\lib\jsse.jar;C:\Program Files\Java\jdk1.6.0_45\jre\lib\jce.jar;C:\Program Files\Java\jdk1.6.0_45\jre\lib\charsets.jar;C:\Program Files\Java\jdk1.6.0_45\jre\lib\modules\jdk.boot.jar;C:\Program Files\Java\jdk1.6.0_45\jre\classes"/>
    <property name="java.vendor" value="Sun Microsystems Inc."/>
    <property name="localRepository" value="C:\Users\Administrator\.m2\repository"/>
    <property name="file.separator" value="\"/>
    <property name="java.vendor.url.bug" value="http://java.sun.com/cgi-bin/bugreport.cgi"/>
    <property name="sun.cpu.endian" value="little"/>
    <property name="sun.io.unicode.encoding" value="UnicodeLittle"/>
    <property name="sun.desktop" value="windows"/>
    <property name="sun.cpu.isalist" value="amd64"/>
  </properties>
  <testcase time="0.083" classname="org.microemu.cldc.datagram.ConnectionTest" name="testNewDatagramInt">
    <error message="Invalid Protocol localhost:1234" type="java.lang.IllegalArgumentException">java.lang.IllegalArgumentException: Invalid Protocol localhost:1234
	at org.microemu.cldc.datagram.Connection.newDatagram(Connection.java:84)
	at org.microemu.cldc.datagram.Connection.newDatagram(Connection.java:79)
	at org.microemu.cldc.datagram.ConnectionTest.testNewDatagramInt(ConnectionTest.java:42)
</error>
  </testcase>
  <testcase time="0.001" classname="org.microemu.cldc.datagram.ConnectionTest" name="testNewDatagramIntString">
    <error message="Invalid Protocol localhost:123" type="java.lang.IllegalArgumentException">java.lang.IllegalArgumentException: Invalid Protocol localhost:123
	at org.microemu.cldc.datagram.Connection.newDatagram(Connection.java:84)
	at org.microemu.cldc.datagram.ConnectionTest.testNewDatagramIntString(ConnectionTest.java:54)
</error>
  </testcase>
  <testcase time="0.001" classname="org.microemu.cldc.datagram.ConnectionTest" name="testNewDatagramByteArrayInt">
    <error message="Invalid Protocol localhost:1234" type="java.lang.IllegalArgumentException">java.lang.IllegalArgumentException: Invalid Protocol localhost:1234
	at org.microemu.cldc.datagram.Connection.newDatagram(Connection.java:97)
	at org.microemu.cldc.datagram.Connection.newDatagram(Connection.java:92)
	at org.microemu.cldc.datagram.ConnectionTest.testNewDatagramByteArrayInt(ConnectionTest.java:67)
</error>
  </testcase>
  <testcase time="0.001" classname="org.microemu.cldc.datagram.ConnectionTest" name="testNewDatagramByteArrayIntString">
    <error message="Invalid Protocol localhost:123" type="java.lang.IllegalArgumentException">java.lang.IllegalArgumentException: Invalid Protocol localhost:123
	at org.microemu.cldc.datagram.Connection.newDatagram(Connection.java:97)
	at org.microemu.cldc.datagram.ConnectionTest.testNewDatagramByteArrayIntString(ConnectionTest.java:80)
</error>
  </testcase>
  <testcase time="0.02" classname="org.microemu.cldc.datagram.ConnectionTest" name="testGetLocalAddress">
    <failure message="expected:&lt;111.35.177.147&gt; but was:&lt;0.0.0.0&gt;" type="junit.framework.ComparisonFailure">junit.framework.ComparisonFailure: expected:&lt;111.35.177.147&gt; but was:&lt;0.0.0.0&gt;
	at junit.framework.Assert.assertEquals(Assert.java:81)
	at junit.framework.Assert.assertEquals(Assert.java:87)
	at org.microemu.cldc.datagram.ConnectionTest.testGetLocalAddress(ConnectionTest.java:97)
</failure>
  </testcase>
  <testcase time="0.001" classname="org.microemu.cldc.datagram.ConnectionTest" name="testGetLocalPort"/>
  <testcase time="0" classname="org.microemu.cldc.datagram.ConnectionTest" name="testOpenConnection">
    <error message="Port missing" type="java.lang.IllegalArgumentException">java.lang.IllegalArgumentException: Port missing
	at org.microemu.cldc.datagram.Connection.openConnection(Connection.java:137)
	at org.microemu.cldc.datagram.ConnectionTest.testOpenConnection(ConnectionTest.java:126)
</error>
  </testcase>
</testsuite>