<?xml version="1.0" encoding="UTF-8" ?>
<testsuite failures="0" time="0.35" errors="2" skipped="0" tests="4" name="org.microemu.app.classloader.MIDletClassLoaderTest">
  <properties>
    <property name="test.property1" value="1"/>
    <property name="java.runtime.name" value="Java(TM) SE Runtime Environment"/>
    <property name="sun.boot.library.path" value="C:\Program Files\Java\jdk1.6.0_45\jre\bin"/>
    <property name="java.vm.version" value="20.45-b01"/>
    <property name="java.vm.vendor" value="Sun Microsystems Inc."/>
    <property name="java.vendor.url" value="http://java.sun.com/"/>
    <property name="path.separator" value=";"/>
    <property name="java.vm.name" value="Java HotSpot(TM) 64-Bit Server VM"/>
    <property name="file.encoding.pkg" value="sun.io"/>
    <property name="user.country" value="CN"/>
    <property name="sun.java.launcher" value="SUN_STANDARD"/>
    <property name="sun.os.patch.level" value="Service Pack 1"/>
    <property name="java.vm.specification.name" value="Java Virtual Machine Specification"/>
    <property name="user.dir" value="D:\java_bulid\FINAL\svn2546\microemu-read-only\microemulator\microemu-javase"/>
    <property name="java.runtime.version" value="1.6.0_45-b06"/>
    <property name="java.awt.graphicsenv" value="sun.awt.Win32GraphicsEnvironment"/>
    <property name="basedir" value="D:\java_bulid\FINAL\svn2546\microemu-read-only\microemulator\microemu-javase"/>
    <property name="java.endorsed.dirs" value="C:\Program Files\Java\jdk1.6.0_45\jre\lib\endorsed"/>
    <property name="os.arch" value="amd64"/>
    <property name="microedition.encoding" value="GBK"/>
    <property name="java.io.tmpdir" value="C:\Users\ADMINI~1\AppData\Local\Temp\"/>
    <property name="line.separator" value="
"/>
    <property name="java.vm.specification.vendor" value="Sun Microsystems Inc."/>
    <property name="user.variant" value=""/>
    <property name="microedition.profiles" value="MIDP-2.0"/>
    <property name="os.name" value="Windows 7"/>
    <property name="sun.jnu.encoding" value="GBK"/>
    <property name="java.library.path" value="C:\Program Files\Java\jdk1.6.0_45\jre\bin;C:\Windows\Sun\Java\bin;C:\Windows\system32;C:\Windows;C:\Program Files\Common Files\Microsoft Shared\Windows Live;C:\Program Files (x86)\NVIDIA Corporation\PhysX\Common;C:\Windows\system32;C:\Windows;C:\Windows\System32\Wbem;C:\Windows\System32\WindowsPowerShell\v1.0\;E:\dev-installer\svn_gui\bin;C:\Program Files\Java\jdk1.6.0_45\bin;C:\Program Files\Java\jdk1.6.0_45\jre\bin;E:\dev-installer\apache-maven-2.2.1\bin;C:\Program Files\Common Files\Microsoft Shared\Windows Live;."/>
    <property name="java.specification.name" value="Java Platform API Specification"/>
    <property name="java.class.version" value="50.0"/>
    <property name="sun.management.compiler" value="HotSpot 64-Bit Tiered Compilers"/>
    <property name="test.verbose" value="1"/>
    <property name="os.version" value="6.1"/>
    <property name="user.home" value="C:\Users\Administrator"/>
    <property name="user.timezone" value=""/>
    <property name="java.awt.printerjob" value="sun.awt.windows.WPrinterJob"/>
    <property name="java.specification.version" value="1.6"/>
    <property name="file.encoding" value="GBK"/>
    <property name="user.name" value="Administrator"/>
    <property name="java.class.path" value="C:\Users\ADMINI~1\AppData\Local\Temp\surefirebooter4740900195962518153.jar"/>
    <property name="java.vm.specification.version" value="1.0"/>
    <property name="sun.arch.data.model" value="64"/>
    <property name="java.home" value="C:\Program Files\Java\jdk1.6.0_45\jre"/>
    <property name="sun.java.command" value="C:\Users\ADMINI~1\AppData\Local\Temp\surefirebooter4740900195962518153.jar C:\Users\ADMINI~1\AppData\Local\Temp\surefire6123571958493761026tmp C:\Users\ADMINI~1\AppData\Local\Temp\surefire3926846159010224427tmp"/>
    <property name="java.specification.vendor" value="Sun Microsystems Inc."/>
    <property name="user.language" value="zh"/>
    <property name="awt.toolkit" value="sun.awt.windows.WToolkit"/>
    <property name="java.vm.info" value="mixed mode"/>
    <property name="java.version" value="1.6.0_45"/>
    <property name="java.ext.dirs" value="C:\Program Files\Java\jdk1.6.0_45\jre\lib\ext;C:\Windows\Sun\Java\lib\ext"/>
    <property name="sun.boot.class.path" value="C:\Program Files\Java\jdk1.6.0_45\jre\lib\resources.jar;C:\Program Files\Java\jdk1.6.0_45\jre\lib\rt.jar;C:\Program Files\Java\jdk1.6.0_45\jre\lib\sunrsasign.jar;C:\Program Files\Java\jdk1.6.0_45\jre\lib\jsse.jar;C:\Program Files\Java\jdk1.6.0_45\jre\lib\jce.jar;C:\Program Files\Java\jdk1.6.0_45\jre\lib\charsets.jar;C:\Program Files\Java\jdk1.6.0_45\jre\lib\modules\jdk.boot.jar;C:\Program Files\Java\jdk1.6.0_45\jre\classes"/>
    <property name="java.vendor" value="Sun Microsystems Inc."/>
    <property name="localRepository" value="C:\Users\Administrator\.m2\repository"/>
    <property name="file.separator" value="\"/>
    <property name="microedition.configuration" value="CLDC-1.1"/>
    <property name="java.vendor.url.bug" value="http://java.sun.com/cgi-bin/bugreport.cgi"/>
    <property name="sun.cpu.endian" value="little"/>
    <property name="sun.io.unicode.encoding" value="UnicodeLittle"/>
    <property name="sun.desktop" value="windows"/>
    <property name="sun.cpu.isalist" value="amd64"/>
  </properties>
  <testcase time="0.024" classname="org.microemu.app.classloader.MIDletClassLoaderTest" name="testGetResourceAsStream"/>
  <testcase time="0.225" classname="org.microemu.app.classloader.MIDletClassLoaderTest" name="testApplication"/>
  <testcase time="0.026" classname="org.microemu.app.classloader.MIDletClassLoaderTest" name="testTimer">
    <error type="java.lang.NullPointerException">java.lang.NullPointerException
	at org.microemu.MIDletBridge.getMIDletContext(MIDletBridge.java:98)
	at org.microemu.app.util.MIDletThread.register(MIDletThread.java:84)
	at org.microemu.app.util.MIDletThread.&lt;init&gt;(MIDletThread.java:70)
	at org.microemu.app.util.MIDletTimer.&lt;init&gt;(MIDletTimer.java:70)
	at org.TimerExtendsClass.&lt;init&gt;(TimerExtendsClass.java:12)
	at org.TimerCreationRunner.run(TimerCreationRunner.java:42)
	at org.microemu.app.classloader.MIDletClassLoaderTest.testTimer(MIDletClassLoaderTest.java:179)
</error>
  </testcase>
  <testcase time="0.009" classname="org.microemu.app.classloader.MIDletClassLoaderTest" name="testTimerCancell">
    <error type="java.lang.NullPointerException">java.lang.NullPointerException
	at org.microemu.MIDletBridge.getMIDletContext(MIDletBridge.java:98)
	at org.microemu.app.util.MIDletThread.register(MIDletThread.java:84)
	at org.microemu.app.util.MIDletThread.&lt;init&gt;(MIDletThread.java:70)
	at org.microemu.app.util.MIDletTimer.&lt;init&gt;(MIDletTimer.java:70)
	at org.TimerTaskCancelRunner.run(TimerTaskCancelRunner.java:51)
	at org.microemu.app.classloader.MIDletClassLoaderTest.testTimerCancell(MIDletClassLoaderTest.java:198)
</error>
  </testcase>
</testsuite>